mode: atomic
github.com/thiagosantosleite/postgres_exporter/cmd/postgres_exporter/exporter.go:40.37,41.27 1 1
github.com/thiagosantosleite/postgres_exporter/cmd/postgres_exporter/exporter.go:41.27,43.3 1 1
github.com/thiagosantosleite/postgres_exporter/cmd/postgres_exporter/exporter.go:47.46,48.27 1 1
github.com/thiagosantosleite/postgres_exporter/cmd/postgres_exporter/exporter.go:48.27,50.3 1 1
github.com/thiagosantosleite/postgres_exporter/cmd/postgres_exporter/exporter.go:54.46,55.27 1 1
github.com/thiagosantosleite/postgres_exporter/cmd/postgres_exporter/exporter.go:55.27,57.3 1 1
github.com/thiagosantosleite/postgres_exporter/cmd/postgres_exporter/exporter.go:61.49,67.27 4 1
github.com/thiagosantosleite/postgres_exporter/cmd/postgres_exporter/exporter.go:71.2,73.10 2 1
github.com/thiagosantosleite/postgres_exporter/cmd/postgres_exporter/exporter.go:67.27,69.3 1 3
github.com/thiagosantosleite/postgres_exporter/cmd/postgres_exporter/exporter.go:77.58,78.2 0 0
github.com/thiagosantosleite/postgres_exporter/cmd/postgres_exporter/exporter.go:81.57,83.16 2 0
github.com/thiagosantosleite/postgres_exporter/cmd/postgres_exporter/exporter.go:83.16,84.11 1 0
github.com/thiagosantosleite/postgres_exporter/cmd/postgres_exporter/exporter.go:88.87,93.2 1 18
github.com/thiagosantosleite/postgres_exporter/cmd/postgres_exporter/exporter.go:95.62,97.16 2 7
github.com/thiagosantosleite/postgres_exporter/cmd/postgres_exporter/exporter.go:101.2,102.16 2 6
github.com/thiagosantosleite/postgres_exporter/cmd/postgres_exporter/exporter.go:106.2,106.60 1 5
github.com/thiagosantosleite/postgres_exporter/cmd/postgres_exporter/exporter.go:110.2,115.16 4 4
github.com/thiagosantosleite/postgres_exporter/cmd/postgres_exporter/exporter.go:120.2,121.16 2 3
github.com/thiagosantosleite/postgres_exporter/cmd/postgres_exporter/exporter.go:125.2,125.25 1 2
github.com/thiagosantosleite/postgres_exporter/cmd/postgres_exporter/exporter.go:97.16,99.3 1 1
github.com/thiagosantosleite/postgres_exporter/cmd/postgres_exporter/exporter.go:102.16,104.3 1 1
github.com/thiagosantosleite/postgres_exporter/cmd/postgres_exporter/exporter.go:106.60,109.3 2 1
github.com/thiagosantosleite/postgres_exporter/cmd/postgres_exporter/exporter.go:115.16,118.3 2 1
github.com/thiagosantosleite/postgres_exporter/cmd/postgres_exporter/exporter.go:121.16,123.3 1 1
github.com/thiagosantosleite/postgres_exporter/cmd/postgres_exporter/pg_setting.go:33.120,43.16 4 2
github.com/thiagosantosleite/postgres_exporter/cmd/postgres_exporter/pg_setting.go:46.2,48.18 2 1
github.com/thiagosantosleite/postgres_exporter/cmd/postgres_exporter/pg_setting.go:58.2,58.12 1 1
github.com/thiagosantosleite/postgres_exporter/cmd/postgres_exporter/pg_setting.go:43.16,45.3 1 1
github.com/thiagosantosleite/postgres_exporter/cmd/postgres_exporter/pg_setting.go:48.18,51.17 3 18
github.com/thiagosantosleite/postgres_exporter/cmd/postgres_exporter/pg_setting.go:55.3,55.31 1 18
github.com/thiagosantosleite/postgres_exporter/cmd/postgres_exporter/pg_setting.go:51.17,53.4 1 0
github.com/thiagosantosleite/postgres_exporter/cmd/postgres_exporter/pg_setting.go:67.72,77.19 2 18
github.com/thiagosantosleite/postgres_exporter/cmd/postgres_exporter/pg_setting.go:98.2,99.72 2 18
github.com/thiagosantosleite/postgres_exporter/cmd/postgres_exporter/pg_setting.go:78.14,79.24 1 1
github.com/thiagosantosleite/postgres_exporter/cmd/postgres_exporter/pg_setting.go:82.25,83.53 1 17
github.com/thiagosantosleite/postgres_exporter/cmd/postgres_exporter/pg_setting.go:89.3,89.20 1 17
github.com/thiagosantosleite/postgres_exporter/cmd/postgres_exporter/pg_setting.go:93.10,95.58 1 0
github.com/thiagosantosleite/postgres_exporter/cmd/postgres_exporter/pg_setting.go:79.24,81.4 1 1
github.com/thiagosantosleite/postgres_exporter/cmd/postgres_exporter/pg_setting.go:83.53,86.14 1 0
github.com/thiagosantosleite/postgres_exporter/cmd/postgres_exporter/pg_setting.go:89.20,92.4 2 16
github.com/thiagosantosleite/postgres_exporter/cmd/postgres_exporter/pg_setting.go:104.75,106.16 2 17
github.com/thiagosantosleite/postgres_exporter/cmd/postgres_exporter/pg_setting.go:111.2,111.16 1 17
github.com/thiagosantosleite/postgres_exporter/cmd/postgres_exporter/pg_setting.go:124.2,124.15 1 16
github.com/thiagosantosleite/postgres_exporter/cmd/postgres_exporter/pg_setting.go:128.2,128.16 1 16
github.com/thiagosantosleite/postgres_exporter/cmd/postgres_exporter/pg_setting.go:159.2,159.8 1 16
github.com/thiagosantosleite/postgres_exporter/cmd/postgres_exporter/pg_setting.go:106.16,108.3 1 0
github.com/thiagosantosleite/postgres_exporter/cmd/postgres_exporter/pg_setting.go:112.10,113.9 1 1
github.com/thiagosantosleite/postgres_exporter/cmd/postgres_exporter/pg_setting.go:114.34,115.19 1 5
github.com/thiagosantosleite/postgres_exporter/cmd/postgres_exporter/pg_setting.go:116.82,117.17 1 11
github.com/thiagosantosleite/postgres_exporter/cmd/postgres_exporter/pg_setting.go:118.10,120.9 2 0
github.com/thiagosantosleite/postgres_exporter/cmd/postgres_exporter/pg_setting.go:124.15,126.3 1 0
github.com/thiagosantosleite/postgres_exporter/cmd/postgres_exporter/pg_setting.go:129.12,130.14 1 1
github.com/thiagosantosleite/postgres_exporter/cmd/postgres_exporter/pg_setting.go:131.13,132.12 1 1
github.com/thiagosantosleite/postgres_exporter/cmd/postgres_exporter/pg_setting.go:133.11,134.17 1 1
github.com/thiagosantosleite/postgres_exporter/cmd/postgres_exporter/pg_setting.go:135.11,136.22 1 1
github.com/thiagosantosleite/postgres_exporter/cmd/postgres_exporter/pg_setting.go:137.12,138.25 1 1
github.com/thiagosantosleite/postgres_exporter/cmd/postgres_exporter/pg_setting.go:139.12,140.25 1 1
github.com/thiagosantosleite/postgres_exporter/cmd/postgres_exporter/pg_setting.go:141.12,142.25 1 1
github.com/thiagosantosleite/postgres_exporter/cmd/postgres_exporter/pg_setting.go:143.12,144.25 1 1
github.com/thiagosantosleite/postgres_exporter/cmd/postgres_exporter/pg_setting.go:145.13,146.25 1 2
github.com/thiagosantosleite/postgres_exporter/cmd/postgres_exporter/pg_setting.go:147.14,148.25 1 1
github.com/thiagosantosleite/postgres_exporter/cmd/postgres_exporter/pg_setting.go:149.14,150.25 1 1
github.com/thiagosantosleite/postgres_exporter/cmd/postgres_exporter/pg_setting.go:151.14,152.25 1 1
github.com/thiagosantosleite/postgres_exporter/cmd/postgres_exporter/pg_setting.go:153.14,154.25 1 1
github.com/thiagosantosleite/postgres_exporter/cmd/postgres_exporter/pg_setting.go:155.14,156.25 1 1
github.com/thiagosantosleite/postgres_exporter/cmd/postgres_exporter/server.go:49.31,52.16 2 0
github.com/thiagosantosleite/postgres_exporter/cmd/postgres_exporter/server.go:55.2,62.12 5 0
github.com/thiagosantosleite/postgres_exporter/cmd/postgres_exporter/server.go:52.16,54.3 1 0
github.com/thiagosantosleite/postgres_exporter/cmd/postgres_exporter/server.go:66.32,68.2 1 1
github.com/thiagosantosleite/postgres_exporter/cmd/postgres_exporter/server.go:70.57,72.2 1 2
github.com/thiagosantosleite/postgres_exporter/cmd/postgres_exporter/server.go:75.126,77.16 2 7
github.com/thiagosantosleite/postgres_exporter/cmd/postgres_exporter/server.go:82.2,82.30 1 6
github.com/thiagosantosleite/postgres_exporter/cmd/postgres_exporter/server.go:89.2,96.75 4 6
github.com/thiagosantosleite/postgres_exporter/cmd/postgres_exporter/server.go:100.2,101.16 2 5
github.com/thiagosantosleite/postgres_exporter/cmd/postgres_exporter/server.go:105.2,106.21 2 3
github.com/thiagosantosleite/postgres_exporter/cmd/postgres_exporter/server.go:110.2,110.12 1 2
github.com/thiagosantosleite/postgres_exporter/cmd/postgres_exporter/server.go:77.16,79.3 1 1
github.com/thiagosantosleite/postgres_exporter/cmd/postgres_exporter/server.go:82.30,87.3 2 6
github.com/thiagosantosleite/postgres_exporter/cmd/postgres_exporter/server.go:96.75,98.3 1 1
github.com/thiagosantosleite/postgres_exporter/cmd/postgres_exporter/server.go:101.16,103.3 1 2
github.com/thiagosantosleite/postgres_exporter/cmd/postgres_exporter/server.go:106.21,108.3 1 1
github.com/thiagosantosleite/postgres_exporter/cmd/postgres_exporter/server.go:113.73,118.16 5 5
github.com/thiagosantosleite/postgres_exporter/cmd/postgres_exporter/server.go:121.2,122.16 2 4
github.com/thiagosantosleite/postgres_exporter/cmd/postgres_exporter/server.go:126.2,126.44 1 3
github.com/thiagosantosleite/postgres_exporter/cmd/postgres_exporter/server.go:118.16,120.3 1 1
github.com/thiagosantosleite/postgres_exporter/cmd/postgres_exporter/server.go:122.16,124.3 1 1
github.com/thiagosantosleite/postgres_exporter/cmd/postgres_exporter/server.go:135.65,137.25 2 4
github.com/thiagosantosleite/postgres_exporter/cmd/postgres_exporter/server.go:140.2,141.90 1 1
github.com/thiagosantosleite/postgres_exporter/cmd/postgres_exporter/server.go:137.25,139.3 1 3
github.com/thiagosantosleite/postgres_exporter/cmd/postgres_exporter/util.go:27.40,29.2 1 6
github.com/thiagosantosleite/postgres_exporter/cmd/postgres_exporter/util.go:33.49,34.23 1 20
github.com/thiagosantosleite/postgres_exporter/cmd/postgres_exporter/util.go:35.13,36.26 1 9
github.com/thiagosantosleite/postgres_exporter/cmd/postgres_exporter/util.go:37.15,38.17 1 1
github.com/thiagosantosleite/postgres_exporter/cmd/postgres_exporter/util.go:39.17,40.33 1 1
github.com/thiagosantosleite/postgres_exporter/cmd/postgres_exporter/util.go:41.14,45.17 3 2
github.com/thiagosantosleite/postgres_exporter/cmd/postgres_exporter/util.go:49.3,49.22 1 1
github.com/thiagosantosleite/postgres_exporter/cmd/postgres_exporter/util.go:50.14,52.17 2 3
github.com/thiagosantosleite/postgres_exporter/cmd/postgres_exporter/util.go:56.3,56.22 1 1
github.com/thiagosantosleite/postgres_exporter/cmd/postgres_exporter/util.go:57.12,58.8 1 2
github.com/thiagosantosleite/postgres_exporter/cmd/postgres_exporter/util.go:61.3,61.19 1 1
github.com/thiagosantosleite/postgres_exporter/cmd/postgres_exporter/util.go:62.11,63.26 1 1
github.com/thiagosantosleite/postgres_exporter/cmd/postgres_exporter/util.go:64.10,65.27 1 1
github.com/thiagosantosleite/postgres_exporter/cmd/postgres_exporter/util.go:45.17,48.4 2 1
github.com/thiagosantosleite/postgres_exporter/cmd/postgres_exporter/util.go:52.17,55.4 2 2
github.com/thiagosantosleite/postgres_exporter/cmd/postgres_exporter/util.go:58.8,60.4 1 1
github.com/thiagosantosleite/postgres_exporter/cmd/postgres_exporter/util.go:71.47,72.23 1 12
github.com/thiagosantosleite/postgres_exporter/cmd/postgres_exporter/util.go:73.14,74.17 1 1
github.com/thiagosantosleite/postgres_exporter/cmd/postgres_exporter/util.go:75.13,76.25 1 1
github.com/thiagosantosleite/postgres_exporter/cmd/postgres_exporter/util.go:77.15,78.25 1 1
github.com/thiagosantosleite/postgres_exporter/cmd/postgres_exporter/util.go:79.17,80.32 1 1
github.com/thiagosantosleite/postgres_exporter/cmd/postgres_exporter/util.go:81.14,85.17 3 2
github.com/thiagosantosleite/postgres_exporter/cmd/postgres_exporter/util.go:89.3,89.22 1 1
github.com/thiagosantosleite/postgres_exporter/cmd/postgres_exporter/util.go:90.14,92.17 2 2
github.com/thiagosantosleite/postgres_exporter/cmd/postgres_exporter/util.go:96.3,96.22 1 1
github.com/thiagosantosleite/postgres_exporter/cmd/postgres_exporter/util.go:97.12,98.8 1 2
github.com/thiagosantosleite/postgres_exporter/cmd/postgres_exporter/util.go:101.3,101.17 1 1
github.com/thiagosantosleite/postgres_exporter/cmd/postgres_exporter/util.go:102.11,103.17 1 1
github.com/thiagosantosleite/postgres_exporter/cmd/postgres_exporter/util.go:104.10,105.18 1 1
github.com/thiagosantosleite/postgres_exporter/cmd/postgres_exporter/util.go:85.17,88.4 2 1
github.com/thiagosantosleite/postgres_exporter/cmd/postgres_exporter/util.go:92.17,95.4 2 1
github.com/thiagosantosleite/postgres_exporter/cmd/postgres_exporter/util.go:98.8,100.4 1 1
github.com/thiagosantosleite/postgres_exporter/cmd/postgres_exporter/util.go:110.47,111.23 1 14
github.com/thiagosantosleite/postgres_exporter/cmd/postgres_exporter/util.go:112.13,113.36 1 2
github.com/thiagosantosleite/postgres_exporter/cmd/postgres_exporter/util.go:114.15,115.36 1 1
github.com/thiagosantosleite/postgres_exporter/cmd/postgres_exporter/util.go:116.17,117.43 1 1
github.com/thiagosantosleite/postgres_exporter/cmd/postgres_exporter/util.go:118.11,119.18 1 1
github.com/thiagosantosleite/postgres_exporter/cmd/postgres_exporter/util.go:120.14,122.25 1 1
github.com/thiagosantosleite/postgres_exporter/cmd/postgres_exporter/util.go:123.14,124.17 1 5
github.com/thiagosantosleite/postgres_exporter/cmd/postgres_exporter/util.go:125.12,126.8 1 2
github.com/thiagosantosleite/postgres_exporter/cmd/postgres_exporter/util.go:129.3,129.23 1 1
github.com/thiagosantosleite/postgres_exporter/cmd/postgres_exporter/util.go:130.10,131.19 1 1
github.com/thiagosantosleite/postgres_exporter/cmd/postgres_exporter/util.go:126.8,128.4 1 1
github.com/thiagosantosleite/postgres_exporter/cmd/postgres_exporter/util.go:135.51,137.16 2 11
github.com/thiagosantosleite/postgres_exporter/cmd/postgres_exporter/util.go:141.2,143.29 3 11
github.com/thiagosantosleite/postgres_exporter/cmd/postgres_exporter/util.go:154.2,156.32 2 9
github.com/thiagosantosleite/postgres_exporter/cmd/postgres_exporter/util.go:162.2,162.32 1 9
github.com/thiagosantosleite/postgres_exporter/cmd/postgres_exporter/util.go:168.2,168.25 1 9
github.com/thiagosantosleite/postgres_exporter/cmd/postgres_exporter/util.go:137.16,139.3 1 2
github.com/thiagosantosleite/postgres_exporter/cmd/postgres_exporter/util.go:143.29,145.25 2 43
github.com/thiagosantosleite/postgres_exporter/cmd/postgres_exporter/util.go:149.3,151.18 3 41
github.com/thiagosantosleite/postgres_exporter/cmd/postgres_exporter/util.go:145.25,147.4 1 2
github.com/thiagosantosleite/postgres_exporter/cmd/postgres_exporter/util.go:156.32,158.3 1 9
github.com/thiagosantosleite/postgres_exporter/cmd/postgres_exporter/util.go:158.8,160.3 1 0
github.com/thiagosantosleite/postgres_exporter/cmd/postgres_exporter/util.go:162.32,164.3 1 8
github.com/thiagosantosleite/postgres_exporter/cmd/postgres_exporter/util.go:164.8,166.3 1 1
github.com/thiagosantosleite/postgres_exporter/cmd/postgres_exporter/aws_utils.go:24.71,28.16 2 2
github.com/thiagosantosleite/postgres_exporter/cmd/postgres_exporter/aws_utils.go:32.2,32.44 1 1
github.com/thiagosantosleite/postgres_exporter/cmd/postgres_exporter/aws_utils.go:28.16,30.3 1 1
github.com/thiagosantosleite/postgres_exporter/cmd/postgres_exporter/aws_utils.go:35.74,50.16 2 3
github.com/thiagosantosleite/postgres_exporter/cmd/postgres_exporter/aws_utils.go:54.2,54.33 1 2
github.com/thiagosantosleite/postgres_exporter/cmd/postgres_exporter/aws_utils.go:57.2,57.50 1 1
github.com/thiagosantosleite/postgres_exporter/cmd/postgres_exporter/aws_utils.go:50.16,52.3 1 1
github.com/thiagosantosleite/postgres_exporter/cmd/postgres_exporter/aws_utils.go:54.33,56.3 1 1
github.com/thiagosantosleite/postgres_exporter/cmd/postgres_exporter/aws_utils.go:60.65,69.48 2 0
github.com/thiagosantosleite/postgres_exporter/cmd/postgres_exporter/aws_utils.go:75.2,75.16 1 0
github.com/thiagosantosleite/postgres_exporter/cmd/postgres_exporter/aws_utils.go:78.2,78.22 1 0
github.com/thiagosantosleite/postgres_exporter/cmd/postgres_exporter/aws_utils.go:69.48,71.5 1 0
github.com/thiagosantosleite/postgres_exporter/cmd/postgres_exporter/aws_utils.go:75.16,77.3 1 0
github.com/thiagosantosleite/postgres_exporter/cmd/postgres_exporter/namespace.go:53.208,59.26 2 5
github.com/thiagosantosleite/postgres_exporter/cmd/postgres_exporter/namespace.go:64.2,64.12 1 4
github.com/thiagosantosleite/postgres_exporter/cmd/postgres_exporter/namespace.go:70.2,74.16 4 3
github.com/thiagosantosleite/postgres_exporter/cmd/postgres_exporter/namespace.go:78.2,80.16 3 2
github.com/thiagosantosleite/postgres_exporter/cmd/postgres_exporter/namespace.go:85.2,86.32 2 2
github.com/thiagosantosleite/postgres_exporter/cmd/postgres_exporter/namespace.go:90.2,92.28 3 2
github.com/thiagosantosleite/postgres_exporter/cmd/postgres_exporter/namespace.go:96.2,100.18 3 2
github.com/thiagosantosleite/postgres_exporter/cmd/postgres_exporter/namespace.go:202.2,202.37 1 2
github.com/thiagosantosleite/postgres_exporter/cmd/postgres_exporter/namespace.go:59.26,62.3 1 1
github.com/thiagosantosleite/postgres_exporter/cmd/postgres_exporter/namespace.go:64.12,67.3 1 1
github.com/thiagosantosleite/postgres_exporter/cmd/postgres_exporter/namespace.go:74.16,76.3 1 1
github.com/thiagosantosleite/postgres_exporter/cmd/postgres_exporter/namespace.go:80.16,82.3 1 0
github.com/thiagosantosleite/postgres_exporter/cmd/postgres_exporter/namespace.go:86.32,88.3 1 10
github.com/thiagosantosleite/postgres_exporter/cmd/postgres_exporter/namespace.go:92.28,94.3 1 10
github.com/thiagosantosleite/postgres_exporter/cmd/postgres_exporter/namespace.go:100.18,102.17 2 3
github.com/thiagosantosleite/postgres_exporter/cmd/postgres_exporter/namespace.go:107.3,108.42 2 3
github.com/thiagosantosleite/postgres_exporter/cmd/postgres_exporter/namespace.go:115.3,115.44 1 3
github.com/thiagosantosleite/postgres_exporter/cmd/postgres_exporter/namespace.go:102.17,104.4 1 0
github.com/thiagosantosleite/postgres_exporter/cmd/postgres_exporter/namespace.go:108.42,110.4 1 5
github.com/thiagosantosleite/postgres_exporter/cmd/postgres_exporter/namespace.go:115.44,118.67 2 16
github.com/thiagosantosleite/postgres_exporter/cmd/postgres_exporter/namespace.go:199.4,199.37 1 8
github.com/thiagosantosleite/postgres_exporter/cmd/postgres_exporter/namespace.go:118.67,120.30 1 16
github.com/thiagosantosleite/postgres_exporter/cmd/postgres_exporter/namespace.go:123.5,123.32 1 11
github.com/thiagosantosleite/postgres_exporter/cmd/postgres_exporter/namespace.go:120.30,121.14 1 5
github.com/thiagosantosleite/postgres_exporter/cmd/postgres_exporter/namespace.go:123.32,126.20 3 3
github.com/thiagosantosleite/postgres_exporter/cmd/postgres_exporter/namespace.go:130.6,132.13 3 3
github.com/thiagosantosleite/postgres_exporter/cmd/postgres_exporter/namespace.go:136.6,137.20 2 1
github.com/thiagosantosleite/postgres_exporter/cmd/postgres_exporter/namespace.go:141.6,142.31 2 1
github.com/thiagosantosleite/postgres_exporter/cmd/postgres_exporter/namespace.go:149.6,150.13 2 1
github.com/thiagosantosleite/postgres_exporter/cmd/postgres_exporter/namespace.go:154.6,155.13 2 1
github.com/thiagosantosleite/postgres_exporter/cmd/postgres_exporter/namespace.go:160.6,161.13 2 0
github.com/thiagosantosleite/postgres_exporter/cmd/postgres_exporter/namespace.go:165.6,166.13 2 0
github.com/thiagosantosleite/postgres_exporter/cmd/postgres_exporter/namespace.go:171.6,175.7 1 0
github.com/thiagosantosleite/postgres_exporter/cmd/postgres_exporter/namespace.go:126.20,128.7 1 0
github.com/thiagosantosleite/postgres_exporter/cmd/postgres_exporter/namespace.go:132.13,134.15 2 2
github.com/thiagosantosleite/postgres_exporter/cmd/postgres_exporter/namespace.go:137.20,139.7 1 0
github.com/thiagosantosleite/postgres_exporter/cmd/postgres_exporter/namespace.go:142.31,143.27 1 2
github.com/thiagosantosleite/postgres_exporter/cmd/postgres_exporter/namespace.go:146.7,146.39 1 2
github.com/thiagosantosleite/postgres_exporter/cmd/postgres_exporter/namespace.go:143.27,144.13 1 0
github.com/thiagosantosleite/postgres_exporter/cmd/postgres_exporter/namespace.go:150.13,152.15 2 0
github.com/thiagosantosleite/postgres_exporter/cmd/postgres_exporter/namespace.go:155.13,157.15 2 1
github.com/thiagosantosleite/postgres_exporter/cmd/postgres_exporter/namespace.go:161.13,163.15 2 0
github.com/thiagosantosleite/postgres_exporter/cmd/postgres_exporter/namespace.go:166.13,168.15 2 0
github.com/thiagosantosleite/postgres_exporter/cmd/postgres_exporter/namespace.go:176.11,178.13 2 8
github.com/thiagosantosleite/postgres_exporter/cmd/postgres_exporter/namespace.go:183.6,183.103 1 8
github.com/thiagosantosleite/postgres_exporter/cmd/postgres_exporter/namespace.go:178.13,180.15 2 0
github.com/thiagosantosleite/postgres_exporter/cmd/postgres_exporter/namespace.go:185.10,193.12 4 0
github.com/thiagosantosleite/postgres_exporter/cmd/postgres_exporter/namespace.go:197.5,197.92 1 0
github.com/thiagosantosleite/postgres_exporter/cmd/postgres_exporter/namespace.go:193.12,195.14 2 0
github.com/thiagosantosleite/postgres_exporter/cmd/postgres_exporter/namespace.go:209.73,214.74 2 5
github.com/thiagosantosleite/postgres_exporter/cmd/postgres_exporter/namespace.go:238.2,245.24 3 5
github.com/thiagosantosleite/postgres_exporter/cmd/postgres_exporter/namespace.go:214.74,220.17 3 5
github.com/thiagosantosleite/postgres_exporter/cmd/postgres_exporter/namespace.go:225.3,225.30 1 5
github.com/thiagosantosleite/postgres_exporter/cmd/postgres_exporter/namespace.go:232.3,232.34 1 5
github.com/thiagosantosleite/postgres_exporter/cmd/postgres_exporter/namespace.go:220.17,223.4 2 1
github.com/thiagosantosleite/postgres_exporter/cmd/postgres_exporter/namespace.go:225.30,226.39 1 2
github.com/thiagosantosleite/postgres_exporter/cmd/postgres_exporter/namespace.go:226.39,228.5 1 3
github.com/thiagosantosleite/postgres_exporter/cmd/postgres_exporter/namespace.go:232.34,234.4 1 8
github.com/thiagosantosleite/postgres_exporter/cmd/postgres_exporter/namespace.go:249.148,252.58 2 5
github.com/thiagosantosleite/postgres_exporter/cmd/postgres_exporter/namespace.go:363.2,363.18 1 5
github.com/thiagosantosleite/postgres_exporter/cmd/postgres_exporter/namespace.go:252.58,257.78 3 5
github.com/thiagosantosleite/postgres_exporter/cmd/postgres_exporter/namespace.go:263.3,263.78 1 5
github.com/thiagosantosleite/postgres_exporter/cmd/postgres_exporter/namespace.go:360.3,360.69 1 5
github.com/thiagosantosleite/postgres_exporter/cmd/postgres_exporter/namespace.go:257.78,258.36 1 28
github.com/thiagosantosleite/postgres_exporter/cmd/postgres_exporter/namespace.go:258.36,260.5 1 7
github.com/thiagosantosleite/postgres_exporter/cmd/postgres_exporter/namespace.go:263.78,267.31 1 28
github.com/thiagosantosleite/postgres_exporter/cmd/postgres_exporter/namespace.go:268.24,271.54 1 7
github.com/thiagosantosleite/postgres_exporter/cmd/postgres_exporter/namespace.go:275.17,279.55 1 4
github.com/thiagosantosleite/postgres_exporter/cmd/postgres_exporter/namespace.go:283.15,287.55 1 4
github.com/thiagosantosleite/postgres_exporter/cmd/postgres_exporter/namespace.go:291.19,296.55 1 5
github.com/thiagosantosleite/postgres_exporter/cmd/postgres_exporter/namespace.go:300.5,311.6 3 5
github.com/thiagosantosleite/postgres_exporter/cmd/postgres_exporter/namespace.go:312.22,316.55 1 4
github.com/thiagosantosleite/postgres_exporter/cmd/postgres_exporter/namespace.go:329.18,333.55 1 4
github.com/thiagosantosleite/postgres_exporter/cmd/postgres_exporter/namespace.go:271.54,273.7 1 0
github.com/thiagosantosleite/postgres_exporter/cmd/postgres_exporter/namespace.go:279.55,281.7 1 0
github.com/thiagosantosleite/postgres_exporter/cmd/postgres_exporter/namespace.go:287.55,289.7 1 0
github.com/thiagosantosleite/postgres_exporter/cmd/postgres_exporter/namespace.go:296.55,298.7 1 0
github.com/thiagosantosleite/postgres_exporter/cmd/postgres_exporter/namespace.go:316.55,318.14 2 0
github.com/thiagosantosleite/postgres_exporter/cmd/postgres_exporter/namespace.go:322.7,323.14 2 0
github.com/thiagosantosleite/postgres_exporter/cmd/postgres_exporter/namespace.go:326.7,326.23 1 0
github.com/thiagosantosleite/postgres_exporter/cmd/postgres_exporter/namespace.go:318.14,320.8 1 0
github.com/thiagosantosleite/postgres_exporter/cmd/postgres_exporter/namespace.go:323.14,325.8 1 0
github.com/thiagosantosleite/postgres_exporter/cmd/postgres_exporter/namespace.go:333.55,335.29 2 0
github.com/thiagosantosleite/postgres_exporter/cmd/postgres_exporter/namespace.go:345.7,345.33 1 0
github.com/thiagosantosleite/postgres_exporter/cmd/postgres_exporter/namespace.go:349.7,350.21 2 0
github.com/thiagosantosleite/postgres_exporter/cmd/postgres_exporter/namespace.go:354.7,354.49 1 0
github.com/thiagosantosleite/postgres_exporter/cmd/postgres_exporter/namespace.go:336.19,337.34 1 0
github.com/thiagosantosleite/postgres_exporter/cmd/postgres_exporter/namespace.go:338.19,339.26 1 0
github.com/thiagosantosleite/postgres_exporter/cmd/postgres_exporter/namespace.go:340.15,342.32 2 0
github.com/thiagosantosleite/postgres_exporter/cmd/postgres_exporter/namespace.go:345.33,347.8 1 0
github.com/thiagosantosleite/postgres_exporter/cmd/postgres_exporter/namespace.go:350.21,353.8 2 0
github.com/thiagosantosleite/postgres_exporter/cmd/postgres_exporter/namespace.go:366.153,399.2 12 1
github.com/thiagosantosleite/postgres_exporter/cmd/postgres_exporter/queries.go:42.52,167.2 1 3
github.com/thiagosantosleite/postgres_exporter/cmd/postgres_exporter/queries.go:169.34,278.2 1 3
