mode: atomic
github.com/thiagosantosleite/postgres_exporter/cmd/postgres_exporter/exporter.go:40.37,41.27 1 0
github.com/thiagosantosleite/postgres_exporter/cmd/postgres_exporter/exporter.go:41.27,43.3 1 0
github.com/thiagosantosleite/postgres_exporter/cmd/postgres_exporter/exporter.go:47.46,48.27 1 0
github.com/thiagosantosleite/postgres_exporter/cmd/postgres_exporter/exporter.go:48.27,50.3 1 0
github.com/thiagosantosleite/postgres_exporter/cmd/postgres_exporter/exporter.go:54.46,55.27 1 0
github.com/thiagosantosleite/postgres_exporter/cmd/postgres_exporter/exporter.go:55.27,57.3 1 0
github.com/thiagosantosleite/postgres_exporter/cmd/postgres_exporter/exporter.go:61.49,67.27 4 0
github.com/thiagosantosleite/postgres_exporter/cmd/postgres_exporter/exporter.go:71.2,73.10 2 0
github.com/thiagosantosleite/postgres_exporter/cmd/postgres_exporter/exporter.go:67.27,69.3 1 0
github.com/thiagosantosleite/postgres_exporter/cmd/postgres_exporter/exporter.go:77.58,78.2 0 0
github.com/thiagosantosleite/postgres_exporter/cmd/postgres_exporter/exporter.go:81.57,84.2 1 0
github.com/thiagosantosleite/postgres_exporter/cmd/postgres_exporter/exporter.go:86.87,91.2 1 7
github.com/thiagosantosleite/postgres_exporter/cmd/postgres_exporter/exporter.go:93.56,95.16 2 0
github.com/thiagosantosleite/postgres_exporter/cmd/postgres_exporter/exporter.go:99.2,100.16 2 0
github.com/thiagosantosleite/postgres_exporter/cmd/postgres_exporter/exporter.go:104.2,104.60 1 0
github.com/thiagosantosleite/postgres_exporter/cmd/postgres_exporter/exporter.go:108.2,113.16 4 0
github.com/thiagosantosleite/postgres_exporter/cmd/postgres_exporter/exporter.go:117.2,118.18 2 0
github.com/thiagosantosleite/postgres_exporter/cmd/postgres_exporter/exporter.go:95.16,96.56 1 0
github.com/thiagosantosleite/postgres_exporter/cmd/postgres_exporter/exporter.go:100.16,101.56 1 0
github.com/thiagosantosleite/postgres_exporter/cmd/postgres_exporter/exporter.go:104.60,107.3 2 0
github.com/thiagosantosleite/postgres_exporter/cmd/postgres_exporter/exporter.go:113.16,114.67 1 0
github.com/thiagosantosleite/postgres_exporter/cmd/postgres_exporter/server.go:49.31,52.16 2 0
github.com/thiagosantosleite/postgres_exporter/cmd/postgres_exporter/server.go:55.2,62.12 5 0
github.com/thiagosantosleite/postgres_exporter/cmd/postgres_exporter/server.go:52.16,54.3 1 0
github.com/thiagosantosleite/postgres_exporter/cmd/postgres_exporter/server.go:66.32,68.2 1 1
github.com/thiagosantosleite/postgres_exporter/cmd/postgres_exporter/server.go:70.57,72.2 1 2
github.com/thiagosantosleite/postgres_exporter/cmd/postgres_exporter/server.go:75.126,77.30 1 4
github.com/thiagosantosleite/postgres_exporter/cmd/postgres_exporter/server.go:83.2,84.16 2 4
github.com/thiagosantosleite/postgres_exporter/cmd/postgres_exporter/server.go:88.2,95.75 4 4
github.com/thiagosantosleite/postgres_exporter/cmd/postgres_exporter/server.go:99.2,100.16 2 4
github.com/thiagosantosleite/postgres_exporter/cmd/postgres_exporter/server.go:104.2,105.21 2 4
github.com/thiagosantosleite/postgres_exporter/cmd/postgres_exporter/server.go:109.2,109.12 1 4
github.com/thiagosantosleite/postgres_exporter/cmd/postgres_exporter/server.go:77.30,81.3 2 4
github.com/thiagosantosleite/postgres_exporter/cmd/postgres_exporter/server.go:84.16,86.3 1 0
github.com/thiagosantosleite/postgres_exporter/cmd/postgres_exporter/server.go:95.75,97.3 1 0
github.com/thiagosantosleite/postgres_exporter/cmd/postgres_exporter/server.go:100.16,102.3 1 2
github.com/thiagosantosleite/postgres_exporter/cmd/postgres_exporter/server.go:105.21,107.3 1 0
github.com/thiagosantosleite/postgres_exporter/cmd/postgres_exporter/server.go:112.73,117.16 5 4
github.com/thiagosantosleite/postgres_exporter/cmd/postgres_exporter/server.go:120.2,121.16 2 3
github.com/thiagosantosleite/postgres_exporter/cmd/postgres_exporter/server.go:125.2,125.44 1 2
github.com/thiagosantosleite/postgres_exporter/cmd/postgres_exporter/server.go:117.16,119.3 1 1
github.com/thiagosantosleite/postgres_exporter/cmd/postgres_exporter/server.go:121.16,123.3 1 1
github.com/thiagosantosleite/postgres_exporter/cmd/postgres_exporter/server.go:134.65,136.25 2 3
github.com/thiagosantosleite/postgres_exporter/cmd/postgres_exporter/server.go:139.2,140.90 1 1
github.com/thiagosantosleite/postgres_exporter/cmd/postgres_exporter/server.go:136.25,138.3 1 2
github.com/thiagosantosleite/postgres_exporter/cmd/postgres_exporter/util.go:27.40,29.2 1 6
github.com/thiagosantosleite/postgres_exporter/cmd/postgres_exporter/util.go:33.49,34.23 1 16
github.com/thiagosantosleite/postgres_exporter/cmd/postgres_exporter/util.go:35.13,36.26 1 9
github.com/thiagosantosleite/postgres_exporter/cmd/postgres_exporter/util.go:37.15,38.17 1 1
github.com/thiagosantosleite/postgres_exporter/cmd/postgres_exporter/util.go:39.17,40.33 1 1
github.com/thiagosantosleite/postgres_exporter/cmd/postgres_exporter/util.go:41.14,45.17 3 1
github.com/thiagosantosleite/postgres_exporter/cmd/postgres_exporter/util.go:49.3,49.22 1 0
github.com/thiagosantosleite/postgres_exporter/cmd/postgres_exporter/util.go:50.14,52.17 2 1
github.com/thiagosantosleite/postgres_exporter/cmd/postgres_exporter/util.go:56.3,56.22 1 1
github.com/thiagosantosleite/postgres_exporter/cmd/postgres_exporter/util.go:57.12,58.8 1 1
github.com/thiagosantosleite/postgres_exporter/cmd/postgres_exporter/util.go:61.3,61.19 1 0
github.com/thiagosantosleite/postgres_exporter/cmd/postgres_exporter/util.go:62.11,63.26 1 1
github.com/thiagosantosleite/postgres_exporter/cmd/postgres_exporter/util.go:64.10,65.27 1 1
github.com/thiagosantosleite/postgres_exporter/cmd/postgres_exporter/util.go:45.17,48.4 2 1
github.com/thiagosantosleite/postgres_exporter/cmd/postgres_exporter/util.go:52.17,55.4 2 0
github.com/thiagosantosleite/postgres_exporter/cmd/postgres_exporter/util.go:58.8,60.4 1 1
github.com/thiagosantosleite/postgres_exporter/cmd/postgres_exporter/util.go:71.47,72.23 1 8
github.com/thiagosantosleite/postgres_exporter/cmd/postgres_exporter/util.go:73.14,74.17 1 0
github.com/thiagosantosleite/postgres_exporter/cmd/postgres_exporter/util.go:75.13,76.25 1 1
github.com/thiagosantosleite/postgres_exporter/cmd/postgres_exporter/util.go:77.15,78.25 1 1
github.com/thiagosantosleite/postgres_exporter/cmd/postgres_exporter/util.go:79.17,80.32 1 1
github.com/thiagosantosleite/postgres_exporter/cmd/postgres_exporter/util.go:81.14,85.17 3 1
github.com/thiagosantosleite/postgres_exporter/cmd/postgres_exporter/util.go:89.3,89.22 1 0
github.com/thiagosantosleite/postgres_exporter/cmd/postgres_exporter/util.go:90.14,92.17 2 1
github.com/thiagosantosleite/postgres_exporter/cmd/postgres_exporter/util.go:96.3,96.22 1 1
github.com/thiagosantosleite/postgres_exporter/cmd/postgres_exporter/util.go:97.12,98.8 1 1
github.com/thiagosantosleite/postgres_exporter/cmd/postgres_exporter/util.go:101.3,101.17 1 0
github.com/thiagosantosleite/postgres_exporter/cmd/postgres_exporter/util.go:102.11,103.17 1 1
github.com/thiagosantosleite/postgres_exporter/cmd/postgres_exporter/util.go:104.10,105.18 1 1
github.com/thiagosantosleite/postgres_exporter/cmd/postgres_exporter/util.go:85.17,88.4 2 1
github.com/thiagosantosleite/postgres_exporter/cmd/postgres_exporter/util.go:92.17,95.4 2 0
github.com/thiagosantosleite/postgres_exporter/cmd/postgres_exporter/util.go:98.8,100.4 1 1
github.com/thiagosantosleite/postgres_exporter/cmd/postgres_exporter/util.go:110.47,111.23 1 10
github.com/thiagosantosleite/postgres_exporter/cmd/postgres_exporter/util.go:112.13,113.36 1 1
github.com/thiagosantosleite/postgres_exporter/cmd/postgres_exporter/util.go:114.15,115.36 1 1
github.com/thiagosantosleite/postgres_exporter/cmd/postgres_exporter/util.go:116.17,117.43 1 1
github.com/thiagosantosleite/postgres_exporter/cmd/postgres_exporter/util.go:118.11,119.18 1 1
github.com/thiagosantosleite/postgres_exporter/cmd/postgres_exporter/util.go:120.14,122.25 1 1
github.com/thiagosantosleite/postgres_exporter/cmd/postgres_exporter/util.go:123.14,124.17 1 3
github.com/thiagosantosleite/postgres_exporter/cmd/postgres_exporter/util.go:125.12,126.8 1 1
github.com/thiagosantosleite/postgres_exporter/cmd/postgres_exporter/util.go:129.3,129.23 1 0
github.com/thiagosantosleite/postgres_exporter/cmd/postgres_exporter/util.go:130.10,131.19 1 1
github.com/thiagosantosleite/postgres_exporter/cmd/postgres_exporter/util.go:126.8,128.4 1 1
github.com/thiagosantosleite/postgres_exporter/cmd/postgres_exporter/util.go:135.51,137.16 2 7
github.com/thiagosantosleite/postgres_exporter/cmd/postgres_exporter/util.go:141.2,143.29 3 7
github.com/thiagosantosleite/postgres_exporter/cmd/postgres_exporter/util.go:154.2,156.32 2 7
github.com/thiagosantosleite/postgres_exporter/cmd/postgres_exporter/util.go:162.2,162.32 1 7
github.com/thiagosantosleite/postgres_exporter/cmd/postgres_exporter/util.go:168.2,168.25 1 7
github.com/thiagosantosleite/postgres_exporter/cmd/postgres_exporter/util.go:137.16,139.3 1 0
github.com/thiagosantosleite/postgres_exporter/cmd/postgres_exporter/util.go:143.29,145.25 2 31
github.com/thiagosantosleite/postgres_exporter/cmd/postgres_exporter/util.go:149.3,151.18 3 31
github.com/thiagosantosleite/postgres_exporter/cmd/postgres_exporter/util.go:145.25,147.4 1 0
github.com/thiagosantosleite/postgres_exporter/cmd/postgres_exporter/util.go:156.32,158.3 1 7
github.com/thiagosantosleite/postgres_exporter/cmd/postgres_exporter/util.go:158.8,160.3 1 0
github.com/thiagosantosleite/postgres_exporter/cmd/postgres_exporter/util.go:162.32,164.3 1 6
github.com/thiagosantosleite/postgres_exporter/cmd/postgres_exporter/util.go:164.8,166.3 1 1
github.com/thiagosantosleite/postgres_exporter/cmd/postgres_exporter/aws_utils.go:24.71,28.16 2 2
github.com/thiagosantosleite/postgres_exporter/cmd/postgres_exporter/aws_utils.go:32.2,32.44 1 1
github.com/thiagosantosleite/postgres_exporter/cmd/postgres_exporter/aws_utils.go:28.16,30.3 1 1
github.com/thiagosantosleite/postgres_exporter/cmd/postgres_exporter/aws_utils.go:35.74,50.16 2 3
github.com/thiagosantosleite/postgres_exporter/cmd/postgres_exporter/aws_utils.go:54.2,54.33 1 2
github.com/thiagosantosleite/postgres_exporter/cmd/postgres_exporter/aws_utils.go:57.2,57.50 1 1
github.com/thiagosantosleite/postgres_exporter/cmd/postgres_exporter/aws_utils.go:50.16,52.3 1 1
github.com/thiagosantosleite/postgres_exporter/cmd/postgres_exporter/aws_utils.go:54.33,56.3 1 1
github.com/thiagosantosleite/postgres_exporter/cmd/postgres_exporter/aws_utils.go:60.65,69.48 2 0
github.com/thiagosantosleite/postgres_exporter/cmd/postgres_exporter/aws_utils.go:75.2,75.16 1 0
github.com/thiagosantosleite/postgres_exporter/cmd/postgres_exporter/aws_utils.go:78.2,78.22 1 0
github.com/thiagosantosleite/postgres_exporter/cmd/postgres_exporter/aws_utils.go:69.48,71.5 1 0
github.com/thiagosantosleite/postgres_exporter/cmd/postgres_exporter/aws_utils.go:75.16,77.3 1 0
github.com/thiagosantosleite/postgres_exporter/cmd/postgres_exporter/namespace.go:54.208,60.26 2 1
github.com/thiagosantosleite/postgres_exporter/cmd/postgres_exporter/namespace.go:65.2,65.12 1 1
github.com/thiagosantosleite/postgres_exporter/cmd/postgres_exporter/namespace.go:70.2,74.16 4 1
github.com/thiagosantosleite/postgres_exporter/cmd/postgres_exporter/namespace.go:78.2,80.16 3 1
github.com/thiagosantosleite/postgres_exporter/cmd/postgres_exporter/namespace.go:85.2,86.32 2 1
github.com/thiagosantosleite/postgres_exporter/cmd/postgres_exporter/namespace.go:90.2,92.28 3 1
github.com/thiagosantosleite/postgres_exporter/cmd/postgres_exporter/namespace.go:96.2,100.18 3 1
github.com/thiagosantosleite/postgres_exporter/cmd/postgres_exporter/namespace.go:201.2,201.37 1 1
github.com/thiagosantosleite/postgres_exporter/cmd/postgres_exporter/namespace.go:60.26,63.3 1 0
github.com/thiagosantosleite/postgres_exporter/cmd/postgres_exporter/namespace.go:65.12,67.3 1 0
github.com/thiagosantosleite/postgres_exporter/cmd/postgres_exporter/namespace.go:74.16,76.3 1 0
github.com/thiagosantosleite/postgres_exporter/cmd/postgres_exporter/namespace.go:80.16,82.3 1 0
github.com/thiagosantosleite/postgres_exporter/cmd/postgres_exporter/namespace.go:86.32,88.3 1 6
github.com/thiagosantosleite/postgres_exporter/cmd/postgres_exporter/namespace.go:92.28,94.3 1 6
github.com/thiagosantosleite/postgres_exporter/cmd/postgres_exporter/namespace.go:100.18,102.17 2 2
github.com/thiagosantosleite/postgres_exporter/cmd/postgres_exporter/namespace.go:107.3,108.42 2 2
github.com/thiagosantosleite/postgres_exporter/cmd/postgres_exporter/namespace.go:115.3,115.44 1 2
github.com/thiagosantosleite/postgres_exporter/cmd/postgres_exporter/namespace.go:102.17,104.4 1 0
github.com/thiagosantosleite/postgres_exporter/cmd/postgres_exporter/namespace.go:108.42,110.4 1 2
github.com/thiagosantosleite/postgres_exporter/cmd/postgres_exporter/namespace.go:115.44,117.67 2 12
github.com/thiagosantosleite/postgres_exporter/cmd/postgres_exporter/namespace.go:198.4,198.37 1 8
github.com/thiagosantosleite/postgres_exporter/cmd/postgres_exporter/namespace.go:117.67,119.30 1 12
github.com/thiagosantosleite/postgres_exporter/cmd/postgres_exporter/namespace.go:122.5,122.32 1 10
github.com/thiagosantosleite/postgres_exporter/cmd/postgres_exporter/namespace.go:119.30,120.14 1 2
github.com/thiagosantosleite/postgres_exporter/cmd/postgres_exporter/namespace.go:122.32,125.20 3 2
github.com/thiagosantosleite/postgres_exporter/cmd/postgres_exporter/namespace.go:129.6,131.13 3 2
github.com/thiagosantosleite/postgres_exporter/cmd/postgres_exporter/namespace.go:135.6,136.20 2 0
github.com/thiagosantosleite/postgres_exporter/cmd/postgres_exporter/namespace.go:140.6,141.31 2 0
github.com/thiagosantosleite/postgres_exporter/cmd/postgres_exporter/namespace.go:148.6,149.13 2 0
github.com/thiagosantosleite/postgres_exporter/cmd/postgres_exporter/namespace.go:153.6,154.13 2 0
github.com/thiagosantosleite/postgres_exporter/cmd/postgres_exporter/namespace.go:159.6,160.13 2 0
github.com/thiagosantosleite/postgres_exporter/cmd/postgres_exporter/namespace.go:164.6,165.13 2 0
github.com/thiagosantosleite/postgres_exporter/cmd/postgres_exporter/namespace.go:170.6,174.7 1 0
github.com/thiagosantosleite/postgres_exporter/cmd/postgres_exporter/namespace.go:125.20,127.7 1 0
github.com/thiagosantosleite/postgres_exporter/cmd/postgres_exporter/namespace.go:131.13,133.15 2 2
github.com/thiagosantosleite/postgres_exporter/cmd/postgres_exporter/namespace.go:136.20,138.7 1 0
github.com/thiagosantosleite/postgres_exporter/cmd/postgres_exporter/namespace.go:141.31,142.27 1 0
github.com/thiagosantosleite/postgres_exporter/cmd/postgres_exporter/namespace.go:145.7,145.39 1 0
github.com/thiagosantosleite/postgres_exporter/cmd/postgres_exporter/namespace.go:142.27,143.13 1 0
github.com/thiagosantosleite/postgres_exporter/cmd/postgres_exporter/namespace.go:149.13,151.15 2 0
github.com/thiagosantosleite/postgres_exporter/cmd/postgres_exporter/namespace.go:154.13,156.15 2 0
github.com/thiagosantosleite/postgres_exporter/cmd/postgres_exporter/namespace.go:160.13,162.15 2 0
github.com/thiagosantosleite/postgres_exporter/cmd/postgres_exporter/namespace.go:165.13,167.15 2 0
github.com/thiagosantosleite/postgres_exporter/cmd/postgres_exporter/namespace.go:175.11,177.13 2 8
github.com/thiagosantosleite/postgres_exporter/cmd/postgres_exporter/namespace.go:182.6,182.103 1 8
github.com/thiagosantosleite/postgres_exporter/cmd/postgres_exporter/namespace.go:177.13,179.15 2 0
github.com/thiagosantosleite/postgres_exporter/cmd/postgres_exporter/namespace.go:184.10,192.12 4 0
github.com/thiagosantosleite/postgres_exporter/cmd/postgres_exporter/namespace.go:196.5,196.92 1 0
github.com/thiagosantosleite/postgres_exporter/cmd/postgres_exporter/namespace.go:192.12,194.14 2 0
github.com/thiagosantosleite/postgres_exporter/cmd/postgres_exporter/namespace.go:208.73,213.74 2 1
github.com/thiagosantosleite/postgres_exporter/cmd/postgres_exporter/namespace.go:237.2,244.24 3 1
github.com/thiagosantosleite/postgres_exporter/cmd/postgres_exporter/namespace.go:213.74,219.17 3 1
github.com/thiagosantosleite/postgres_exporter/cmd/postgres_exporter/namespace.go:224.3,224.30 1 1
github.com/thiagosantosleite/postgres_exporter/cmd/postgres_exporter/namespace.go:231.3,231.34 1 1
github.com/thiagosantosleite/postgres_exporter/cmd/postgres_exporter/namespace.go:219.17,222.4 2 0
github.com/thiagosantosleite/postgres_exporter/cmd/postgres_exporter/namespace.go:224.30,225.39 1 1
github.com/thiagosantosleite/postgres_exporter/cmd/postgres_exporter/namespace.go:225.39,227.5 1 2
github.com/thiagosantosleite/postgres_exporter/cmd/postgres_exporter/namespace.go:231.34,233.4 1 8
github.com/thiagosantosleite/postgres_exporter/cmd/postgres_exporter/namespace.go:248.148,251.58 2 1
github.com/thiagosantosleite/postgres_exporter/cmd/postgres_exporter/namespace.go:362.2,362.18 1 1
github.com/thiagosantosleite/postgres_exporter/cmd/postgres_exporter/namespace.go:251.58,256.78 3 1
github.com/thiagosantosleite/postgres_exporter/cmd/postgres_exporter/namespace.go:262.3,262.78 1 1
github.com/thiagosantosleite/postgres_exporter/cmd/postgres_exporter/namespace.go:359.3,359.69 1 1
github.com/thiagosantosleite/postgres_exporter/cmd/postgres_exporter/namespace.go:256.78,257.36 1 6
github.com/thiagosantosleite/postgres_exporter/cmd/postgres_exporter/namespace.go:257.36,259.5 1 1
github.com/thiagosantosleite/postgres_exporter/cmd/postgres_exporter/namespace.go:262.78,266.31 1 6
github.com/thiagosantosleite/postgres_exporter/cmd/postgres_exporter/namespace.go:267.24,270.54 1 1
github.com/thiagosantosleite/postgres_exporter/cmd/postgres_exporter/namespace.go:274.17,278.55 1 1
github.com/thiagosantosleite/postgres_exporter/cmd/postgres_exporter/namespace.go:282.15,286.55 1 1
github.com/thiagosantosleite/postgres_exporter/cmd/postgres_exporter/namespace.go:290.19,295.55 1 1
github.com/thiagosantosleite/postgres_exporter/cmd/postgres_exporter/namespace.go:299.5,310.6 3 1
github.com/thiagosantosleite/postgres_exporter/cmd/postgres_exporter/namespace.go:311.22,315.55 1 1
github.com/thiagosantosleite/postgres_exporter/cmd/postgres_exporter/namespace.go:328.18,332.55 1 1
github.com/thiagosantosleite/postgres_exporter/cmd/postgres_exporter/namespace.go:270.54,272.7 1 0
github.com/thiagosantosleite/postgres_exporter/cmd/postgres_exporter/namespace.go:278.55,280.7 1 0
github.com/thiagosantosleite/postgres_exporter/cmd/postgres_exporter/namespace.go:286.55,288.7 1 0
github.com/thiagosantosleite/postgres_exporter/cmd/postgres_exporter/namespace.go:295.55,297.7 1 0
github.com/thiagosantosleite/postgres_exporter/cmd/postgres_exporter/namespace.go:315.55,317.14 2 0
github.com/thiagosantosleite/postgres_exporter/cmd/postgres_exporter/namespace.go:321.7,322.14 2 0
github.com/thiagosantosleite/postgres_exporter/cmd/postgres_exporter/namespace.go:325.7,325.23 1 0
github.com/thiagosantosleite/postgres_exporter/cmd/postgres_exporter/namespace.go:317.14,319.8 1 0
github.com/thiagosantosleite/postgres_exporter/cmd/postgres_exporter/namespace.go:322.14,324.8 1 0
github.com/thiagosantosleite/postgres_exporter/cmd/postgres_exporter/namespace.go:332.55,334.29 2 0
github.com/thiagosantosleite/postgres_exporter/cmd/postgres_exporter/namespace.go:344.7,344.33 1 0
github.com/thiagosantosleite/postgres_exporter/cmd/postgres_exporter/namespace.go:348.7,349.21 2 0
github.com/thiagosantosleite/postgres_exporter/cmd/postgres_exporter/namespace.go:353.7,353.49 1 0
github.com/thiagosantosleite/postgres_exporter/cmd/postgres_exporter/namespace.go:335.19,336.34 1 0
github.com/thiagosantosleite/postgres_exporter/cmd/postgres_exporter/namespace.go:337.19,338.26 1 0
github.com/thiagosantosleite/postgres_exporter/cmd/postgres_exporter/namespace.go:339.15,341.32 2 0
github.com/thiagosantosleite/postgres_exporter/cmd/postgres_exporter/namespace.go:344.33,346.8 1 0
github.com/thiagosantosleite/postgres_exporter/cmd/postgres_exporter/namespace.go:349.21,352.8 2 0
github.com/thiagosantosleite/postgres_exporter/cmd/postgres_exporter/namespace.go:365.153,398.2 12 1
github.com/thiagosantosleite/postgres_exporter/cmd/postgres_exporter/pg_setting.go:33.120,43.16 4 1
github.com/thiagosantosleite/postgres_exporter/cmd/postgres_exporter/pg_setting.go:47.2,49.18 2 1
github.com/thiagosantosleite/postgres_exporter/cmd/postgres_exporter/pg_setting.go:59.2,59.12 1 1
github.com/thiagosantosleite/postgres_exporter/cmd/postgres_exporter/pg_setting.go:43.16,46.3 2 0
github.com/thiagosantosleite/postgres_exporter/cmd/postgres_exporter/pg_setting.go:49.18,52.17 3 7
github.com/thiagosantosleite/postgres_exporter/cmd/postgres_exporter/pg_setting.go:56.3,56.31 1 7
github.com/thiagosantosleite/postgres_exporter/cmd/postgres_exporter/pg_setting.go:52.17,54.4 1 0
github.com/thiagosantosleite/postgres_exporter/cmd/postgres_exporter/pg_setting.go:68.72,78.19 2 7
github.com/thiagosantosleite/postgres_exporter/cmd/postgres_exporter/pg_setting.go:99.2,100.72 2 7
github.com/thiagosantosleite/postgres_exporter/cmd/postgres_exporter/pg_setting.go:79.14,80.24 1 1
github.com/thiagosantosleite/postgres_exporter/cmd/postgres_exporter/pg_setting.go:83.25,84.53 1 6
github.com/thiagosantosleite/postgres_exporter/cmd/postgres_exporter/pg_setting.go:90.3,90.20 1 6
github.com/thiagosantosleite/postgres_exporter/cmd/postgres_exporter/pg_setting.go:94.10,96.58 1 0
github.com/thiagosantosleite/postgres_exporter/cmd/postgres_exporter/pg_setting.go:80.24,82.4 1 1
github.com/thiagosantosleite/postgres_exporter/cmd/postgres_exporter/pg_setting.go:84.53,87.14 1 0
github.com/thiagosantosleite/postgres_exporter/cmd/postgres_exporter/pg_setting.go:90.20,93.4 2 5
github.com/thiagosantosleite/postgres_exporter/cmd/postgres_exporter/pg_setting.go:105.75,107.16 2 6
github.com/thiagosantosleite/postgres_exporter/cmd/postgres_exporter/pg_setting.go:112.2,112.16 1 6
github.com/thiagosantosleite/postgres_exporter/cmd/postgres_exporter/pg_setting.go:125.2,125.15 1 5
github.com/thiagosantosleite/postgres_exporter/cmd/postgres_exporter/pg_setting.go:129.2,129.16 1 5
github.com/thiagosantosleite/postgres_exporter/cmd/postgres_exporter/pg_setting.go:160.2,160.8 1 5
github.com/thiagosantosleite/postgres_exporter/cmd/postgres_exporter/pg_setting.go:107.16,109.3 1 0
github.com/thiagosantosleite/postgres_exporter/cmd/postgres_exporter/pg_setting.go:113.10,114.9 1 1
github.com/thiagosantosleite/postgres_exporter/cmd/postgres_exporter/pg_setting.go:115.34,116.19 1 3
github.com/thiagosantosleite/postgres_exporter/cmd/postgres_exporter/pg_setting.go:117.82,118.17 1 2
github.com/thiagosantosleite/postgres_exporter/cmd/postgres_exporter/pg_setting.go:119.10,121.9 2 0
github.com/thiagosantosleite/postgres_exporter/cmd/postgres_exporter/pg_setting.go:125.15,127.3 1 0
github.com/thiagosantosleite/postgres_exporter/cmd/postgres_exporter/pg_setting.go:130.12,131.14 1 1
github.com/thiagosantosleite/postgres_exporter/cmd/postgres_exporter/pg_setting.go:132.13,133.12 1 1
github.com/thiagosantosleite/postgres_exporter/cmd/postgres_exporter/pg_setting.go:134.11,135.17 1 0
github.com/thiagosantosleite/postgres_exporter/cmd/postgres_exporter/pg_setting.go:136.11,137.22 1 0
github.com/thiagosantosleite/postgres_exporter/cmd/postgres_exporter/pg_setting.go:138.12,139.25 1 1
github.com/thiagosantosleite/postgres_exporter/cmd/postgres_exporter/pg_setting.go:140.12,141.25 1 0
github.com/thiagosantosleite/postgres_exporter/cmd/postgres_exporter/pg_setting.go:142.12,143.25 1 0
github.com/thiagosantosleite/postgres_exporter/cmd/postgres_exporter/pg_setting.go:144.12,145.25 1 0
github.com/thiagosantosleite/postgres_exporter/cmd/postgres_exporter/pg_setting.go:146.13,147.25 1 1
github.com/thiagosantosleite/postgres_exporter/cmd/postgres_exporter/pg_setting.go:148.14,149.25 1 0
github.com/thiagosantosleite/postgres_exporter/cmd/postgres_exporter/pg_setting.go:150.14,151.25 1 0
github.com/thiagosantosleite/postgres_exporter/cmd/postgres_exporter/pg_setting.go:152.14,153.25 1 0
github.com/thiagosantosleite/postgres_exporter/cmd/postgres_exporter/pg_setting.go:154.14,155.25 1 0
github.com/thiagosantosleite/postgres_exporter/cmd/postgres_exporter/pg_setting.go:156.14,157.25 1 0
github.com/thiagosantosleite/postgres_exporter/cmd/postgres_exporter/queries.go:44.52,169.2 1 4
github.com/thiagosantosleite/postgres_exporter/cmd/postgres_exporter/queries.go:171.34,280.2 1 4
github.com/thiagosantosleite/postgres_exporter/cmd/postgres_exporter/queries.go:282.17,283.39 1 0
github.com/thiagosantosleite/postgres_exporter/cmd/postgres_exporter/queries.go:283.39,285.10 2 0
github.com/thiagosantosleite/postgres_exporter/cmd/postgres_exporter/queries.go:291.3,291.52 1 0
github.com/thiagosantosleite/postgres_exporter/cmd/postgres_exporter/queries.go:294.3,294.16 1 0
github.com/thiagosantosleite/postgres_exporter/cmd/postgres_exporter/queries.go:285.10,287.4 1 0
github.com/thiagosantosleite/postgres_exporter/cmd/postgres_exporter/queries.go:287.9,289.4 1 0
github.com/thiagosantosleite/postgres_exporter/cmd/postgres_exporter/queries.go:291.52,293.4 1 0
